Error   2024-06-17 20:39:21:037  DevID:  Source-Line:libMvCameraControl.so(GenTLLoadLibraryEx.cpp-L0222)  ProcessName:xian_dj_visual_platform_mv_cs016_10gc_color_tcp_server(439)     Description:[LoadCtiLibInter]Load CTI failed! CTI path[/opt/MVS/lib/aarch64/MvFGProducerGEV.cti], nRet[0x8000000c]
Error   2024-06-17 20:39:21:037  DevID:  Source-Line:libMvCameraControl.so(FGDeviceEnumerator.cpp-L0103)  ProcessName:xian_dj_visual_platform_mv_cs016_10gc_color_tcp_server(439)     Description:[EnumInterfaceInter]EnumInterfaces failed! Ret[0x8000000c], TLayerType[0x1], CTI[/opt/MVS/lib/aarch64/MvFGProducerGEV.cti]
Info    2024-06-17 20:39:21:141  DevID:MV-CS016-10GC(DA7279444)  Source-Line:libMvCameraControl.so(GigEDevice.cpp-L0140)  ProcessName:xian_dj_visual_platform_mv_cs016_10gc_color_tcp_server(439)     Description:[Init]GEV INFO DeviceIP[192.168.1.20], NetIP[192.168.1.12], ManufacturerInfo[Hikrobot], DeviceVersion[V4.0.44 250410 1500180], UserID[]
Info    2024-06-17 20:39:21:142  DevID:MV-CS016-10GC(DA7279444)  Source-Line:libMvCameraControl.so(MediaProcess.cpp-L0882)  ProcessName:xian_dj_visual_platform_mv_cs016_10gc_color_tcp_server(439)     Description:[SetBayerCvtQuality]Set Bayer CvtQuality success! BayerCvtQuality[1]
Info    2024-06-17 20:39:21:142  DevID:MV-CS016-10GC(DA7279444)  Source-Line:libMvCameraControl.so(MediaProcess.cpp-L1734)  ProcessName:xian_dj_visual_platform_mv_cs016_10gc_color_tcp_server(439)     Description:[SetBayerThreadNum]Set Bayer Thread Num success! BayerThreadNum[2]
Info    2024-06-17 20:39:21:142  DevID:MV-CS016-10GC(DA7279444)  Source-Line:libMvCameraControl.so(MediaProcess.cpp-L0882)  ProcessName:xian_dj_visual_platform_mv_cs016_10gc_color_tcp_server(439)     Description:[SetBayerCvtQuality]Set Bayer CvtQuality success! BayerCvtQuality[1]
Info    2024-06-17 20:39:21:142  DevID:MV-CS016-10GC(DA7279444)  Source-Line:libMvCameraControl.so(MediaProcess.cpp-L1734)  ProcessName:xian_dj_visual_platform_mv_cs016_10gc_color_tcp_server(439)     Description:[SetBayerThreadNum]Set Bayer Thread Num success! BayerThreadNum[2]
Info    2024-06-17 20:39:21:142  DevID:MV-CS016-10GC(DA7279444)  Source-Line:libMvCameraControl.so(MediaProcess.cpp-L0882)  ProcessName:xian_dj_visual_platform_mv_cs016_10gc_color_tcp_server(439)     Description:[SetBayerCvtQuality]Set Bayer CvtQuality success! BayerCvtQuality[1]
Info    2024-06-17 20:39:21:142  DevID:MV-CS016-10GC(DA7279444)  Source-Line:libMvCameraControl.so(MediaProcess.cpp-L1734)  ProcessName:xian_dj_visual_platform_mv_cs016_10gc_color_tcp_server(439)     Description:[SetBayerThreadNum]Set Bayer Thread Num success! BayerThreadNum[2]
Info    2024-06-17 20:39:21:145  DevID:MV-CS016-10GC(DA7279444)  Source-Line:libMvCameraControl.so(GigEDevice.cpp-L0191)  ProcessName:xian_dj_visual_platform_mv_cs016_10gc_color_tcp_server(439)     Description:[IsValidVersion]MvCameraControl Version[0x4050003], GigE SDKVersion[0x4050003], DriverVersion[0x0]
Info    2024-06-17 20:39:21:503  DevID:MV-CS016-10GC(DA7279444)  Source-Line:libMvCameraControl.so(GigEDevice.cpp-L0387)  ProcessName:xian_dj_visual_platform_mv_cs016_10gc_color_tcp_server(439)     Description:[GetGenICamXML]Get XML success!
Info    2024-06-17 20:39:21:503  DevID:MV-CS016-10GC(DA7279444)  Source-Line:libMvCameraControl.so(GigEDevice.cpp-L0590)  ProcessName:xian_dj_visual_platform_mv_cs016_10gc_color_tcp_server(439)     Description:[OpenDevice]Get GenICamXML len [0x11c3b7] Type[1]
Info    2024-06-17 20:39:21:913  DevID:MV-CS016-10GC(DA7279444)  Source-Line:libMvCameraControl.so(GenICamImpl.cpp-L0679)  ProcessName:xian_dj_visual_platform_mv_cs016_10gc_color_tcp_server(439)     Description:[InvalidateNodes]Invalidate Nodes success
Info    2024-06-17 20:39:21:913  DevID:MV-CS016-10GC(DA7279444)  Source-Line:libMvCameraControl.so(GigEDevice.cpp-L0622)  ProcessName:xian_dj_visual_platform_mv_cs016_10gc_color_tcp_server(439)     Description:[OpenDevice]Invalidate Nodes success
Info    2024-06-17 20:39:21:919  DevID:MV-CS016-10GC(DA7279444)  Source-Line:libMvCameraControl.so(GigEDevice.cpp-L0650)  ProcessName:xian_dj_visual_platform_mv_cs016_10gc_color_tcp_server(439)     Description:[OpenDevice]Open device success! PrivilegeMode[1], SwitchoverKey[0], DeviceUptime[589],DeviceFirmwareVersion[V4.0.44 2504101500180 23121101]
Info    2024-06-17 20:39:21:920  DevID:MV-CS016-10GC(DA7279444)  Source-Line:libMvCameraControl.so(GigEDevice.cpp-L0662)  ProcessName:xian_dj_visual_platform_mv_cs016_10gc_color_tcp_server(439)     Description:[OpenDevice]OpenDevice, cost time 777.000000ms 
Info    2024-06-17 20:39:21:920  DevID:  Source-Line:libMvCameraControl.so(GenICamImpl.cpp-L2091)  ProcessName:xian_dj_visual_platform_mv_cs016_10gc_color_tcp_server(439)     Description:[RecordThread]RecordThread Start, ThreadId[-2080382112]
Info    2024-06-17 20:39:21:941  DevID:MV-CS016-10GC(DA7279444)  Source-Line:libMvCameraControl.so(GenICamImpl.cpp-L2116)  ProcessName:xian_dj_visual_platform_mv_cs016_10gc_color_tcp_server(439)     Description:[RecordThreadProc][Record] Get BlackLevel value [240]
Info    2024-06-17 20:39:21:987  DevID:MV-CS016-10GC(DA7279444)  Source-Line:libMvCameraControl.so(GigEStream.cpp-L0063)  ProcessName:xian_dj_visual_platform_mv_cs016_10gc_color_tcp_server(439)     Description:[StartGrabbing][GEV]Width[1440], Height[1080], PixelFormat[0x1080009], PayloadSize[1555200], ChunkCount[100], CompressMode[0], DeviceUptime[589]
Info    2024-06-17 20:39:21:997  DevID:MV-CS016-10GC(DA7279444)  Source-Line:libMvCameraControl.so(GenICamImpl.cpp-L2133)  ProcessName:xian_dj_visual_platform_mv_cs016_10gc_color_tcp_server(439)     Description:[RecordThreadProc][Record] Get BalanceWhiteAuto Value [1] (0:off 1:contineu; 2:once):
Info    2024-06-17 20:39:21:003  DevID:MV-CS016-10GC(DA7279444)  Source-Line:libMvCameraControl.so(GenICamImpl.cpp-L2188)  ProcessName:xian_dj_visual_platform_mv_cs016_10gc_color_tcp_server(439)     Description:[RecordThreadProc][Record] Get ExposureAuto value [2]
Info    2024-06-17 20:39:22:009  DevID:MV-CS016-10GC(DA7279444)  Source-Line:libMvCameraControl.so(GenICamImpl.cpp-L2205)  ProcessName:xian_dj_visual_platform_mv_cs016_10gc_color_tcp_server(439)     Description:[RecordThreadProc][Record] Get ExposureTime value [1875.000000] 
Info    2024-06-17 20:39:22:011  DevID:MV-CS016-10GC(DA7279444)  Source-Line:libMvCameraControl.so(StreamGrab.cpp-L0437)  ProcessName:xian_dj_visual_platform_mv_cs016_10gc_color_tcp_server(439)     Description:[StartGrabbing]Start grabbing success, There is no registration callback.
Info    2024-06-17 20:39:22:015  DevID:MV-CS016-10GC(DA7279444)  Source-Line:libMvCameraControl.so(GenICamImpl.cpp-L2221)  ProcessName:xian_dj_visual_platform_mv_cs016_10gc_color_tcp_server(439)     Description:[RecordThreadProc][Record] Get GainAuto value [0] (0:off 1:contineu; 2:once):
Info    2024-06-17 20:39:22:022  DevID:MV-CS016-10GC(DA7279444)  Source-Line:libMvCameraControl.so(GenICamImpl.cpp-L2237)  ProcessName:xian_dj_visual_platform_mv_cs016_10gc_color_tcp_server(439)     Description:[RecordThreadProc][Record] Get Gain value [4.128500] 
Info    2024-06-17 20:39:22:023  DevID:MV-CS016-10GC(DA7279444)  Source-Line:libMvCameraControl.so(GenICamImpl.cpp-L2253)  ProcessName:xian_dj_visual_platform_mv_cs016_10gc_color_tcp_server(439)     Description:[RecordThreadProc][Record] Get PixelFormat value [17301513] :
Info    2024-06-17 20:39:22:030  DevID:MV-CS016-10GC(DA7279444)  Source-Line:libMvCameraControl.so(GenICamImpl.cpp-L2302)  ProcessName:xian_dj_visual_platform_mv_cs016_10gc_color_tcp_server(439)     Description:[RecordThreadProc][Record] Get UserSetCurrent value [1]
Info    2024-06-17 20:39:22:032  DevID:MV-CS016-10GC(DA7279444)  Source-Line:libMvCameraControl.so(GenICamImpl.cpp-L2318)  ProcessName:xian_dj_visual_platform_mv_cs016_10gc_color_tcp_server(439)     Description:[RecordThreadProc][Record] Get UserSetSelector value [1] 
Info    2024-06-17 20:39:22:033  DevID:MV-CS016-10GC(DA7279444)  Source-Line:libMvCameraControl.so(GenICamImpl.cpp-L2334)  ProcessName:xian_dj_visual_platform_mv_cs016_10gc_color_tcp_server(439)     Description:[RecordThreadProc][Record] Get UserSetDefault value[1]
Info    2024-06-17 20:39:22:034  DevID:  Source-Line:libMvCameraControl.so(GenICamImpl.cpp-L2096)  ProcessName:xian_dj_visual_platform_mv_cs016_10gc_color_tcp_server(439)     Description:[RecordThread]RecordThread End, ThreadId[-2080382112]
Warning 2024-06-17 20:39:51:987  DevID:MV-CS016-10GC(DA7279444)  Source-Line:libMvCameraControl.so(StreamGrab.cpp-L0611)  ProcessName:xian_dj_visual_platform_mv_cs016_10gc_color_tcp_server(439)     Description:[GetImageBuffer]This frame lose packets, FrameNum[599], LostPacket[80]
Warning 2024-06-17 20:40:00:949  DevID:MV-CS016-10GC(DA7279444)  Source-Line:libMvCameraControl.so(StreamGrab.cpp-L0611)  ProcessName:xian_dj_visual_platform_mv_cs016_10gc_color_tcp_server(439)     Description:[GetImageBuffer]This frame lose packets, FrameNum[778], LostPacket[25]
Error   2024-06-17 20:41:12:400  DevID:  Source-Line:libMvCameraControl.so(GenTLLoadLibraryEx.cpp-L0222)  ProcessName:xian_dj_visual_platform_mv_cs016_10gc_color_tcp_server(496)     Description:[LoadCtiLibInter]Load CTI failed! CTI path[/opt/MVS/lib/aarch64/MvFGProducerGEV.cti], nRet[0x8000000c]
Error   2024-06-17 20:41:12:400  DevID:  Source-Line:libMvCameraControl.so(FGDeviceEnumerator.cpp-L0103)  ProcessName:xian_dj_visual_platform_mv_cs016_10gc_color_tcp_server(496)     Description:[EnumInterfaceInter]EnumInterfaces failed! Ret[0x8000000c], TLayerType[0x1], CTI[/opt/MVS/lib/aarch64/MvFGProducerGEV.cti]
Info    2024-06-17 20:41:12:503  DevID:MV-CS016-10GC(DA7279444)  Source-Line:libMvCameraControl.so(GigEDevice.cpp-L0140)  ProcessName:xian_dj_visual_platform_mv_cs016_10gc_color_tcp_server(496)     Description:[Init]GEV INFO DeviceIP[192.168.1.20], NetIP[192.168.1.12], ManufacturerInfo[Hikrobot], DeviceVersion[V4.0.44 250410 1500180], UserID[]
Info    2024-06-17 20:41:12:503  DevID:MV-CS016-10GC(DA7279444)  Source-Line:libMvCameraControl.so(MediaProcess.cpp-L0882)  ProcessName:xian_dj_visual_platform_mv_cs016_10gc_color_tcp_server(496)     Description:[SetBayerCvtQuality]Set Bayer CvtQuality success! BayerCvtQuality[1]
Info    2024-06-17 20:41:12:503  DevID:MV-CS016-10GC(DA7279444)  Source-Line:libMvCameraControl.so(MediaProcess.cpp-L1734)  ProcessName:xian_dj_visual_platform_mv_cs016_10gc_color_tcp_server(496)     Description:[SetBayerThreadNum]Set Bayer Thread Num success! BayerThreadNum[2]
Info    2024-06-17 20:41:12:503  DevID:MV-CS016-10GC(DA7279444)  Source-Line:libMvCameraControl.so(MediaProcess.cpp-L0882)  ProcessName:xian_dj_visual_platform_mv_cs016_10gc_color_tcp_server(496)     Description:[SetBayerCvtQuality]Set Bayer CvtQuality success! BayerCvtQuality[1]
Info    2024-06-17 20:41:12:503  DevID:MV-CS016-10GC(DA7279444)  Source-Line:libMvCameraControl.so(MediaProcess.cpp-L1734)  ProcessName:xian_dj_visual_platform_mv_cs016_10gc_color_tcp_server(496)     Description:[SetBayerThreadNum]Set Bayer Thread Num success! BayerThreadNum[2]
Info    2024-06-17 20:41:12:503  DevID:MV-CS016-10GC(DA7279444)  Source-Line:libMvCameraControl.so(MediaProcess.cpp-L0882)  ProcessName:xian_dj_visual_platform_mv_cs016_10gc_color_tcp_server(496)     Description:[SetBayerCvtQuality]Set Bayer CvtQuality success! BayerCvtQuality[1]
Info    2024-06-17 20:41:12:503  DevID:MV-CS016-10GC(DA7279444)  Source-Line:libMvCameraControl.so(MediaProcess.cpp-L1734)  ProcessName:xian_dj_visual_platform_mv_cs016_10gc_color_tcp_server(496)     Description:[SetBayerThreadNum]Set Bayer Thread Num success! BayerThreadNum[2]
Info    2024-06-17 20:41:12:503  DevID:MV-CS016-10GC(DA7279444)  Source-Line:libMvCameraControl.so(GigEDevice.cpp-L0191)  ProcessName:xian_dj_visual_platform_mv_cs016_10gc_color_tcp_server(496)     Description:[IsValidVersion]MvCameraControl Version[0x4050003], GigE SDKVersion[0x4050003], DriverVersion[0x0]
Info    2024-06-17 20:41:12:846  DevID:MV-CS016-10GC(DA7279444)  Source-Line:libMvCameraControl.so(GigEDevice.cpp-L0387)  ProcessName:xian_dj_visual_platform_mv_cs016_10gc_color_tcp_server(496)     Description:[GetGenICamXML]Get XML success!
Info    2024-06-17 20:41:12:846  DevID:MV-CS016-10GC(DA7279444)  Source-Line:libMvCameraControl.so(GigEDevice.cpp-L0590)  ProcessName:xian_dj_visual_platform_mv_cs016_10gc_color_tcp_server(496)     Description:[OpenDevice]Get GenICamXML len [0x11c3b7] Type[1]
Info    2024-06-17 20:41:13:179  DevID:MV-CS016-10GC(DA7279444)  Source-Line:libMvCameraControl.so(GenICamImpl.cpp-L0679)  ProcessName:xian_dj_visual_platform_mv_cs016_10gc_color_tcp_server(496)     Description:[InvalidateNodes]Invalidate Nodes success
Info    2024-06-17 20:41:13:180  DevID:MV-CS016-10GC(DA7279444)  Source-Line:libMvCameraControl.so(GigEDevice.cpp-L0622)  ProcessName:xian_dj_visual_platform_mv_cs016_10gc_color_tcp_server(496)     Description:[OpenDevice]Invalidate Nodes success
Info    2024-06-17 20:41:13:186  DevID:MV-CS016-10GC(DA7279444)  Source-Line:libMvCameraControl.so(GigEDevice.cpp-L0650)  ProcessName:xian_dj_visual_platform_mv_cs016_10gc_color_tcp_server(496)     Description:[OpenDevice]Open device success! PrivilegeMode[1], SwitchoverKey[0], DeviceUptime[700],DeviceFirmwareVersion[V4.0.44 2504101500180 23121101]
Info    2024-06-17 20:41:13:186  DevID:MV-CS016-10GC(DA7279444)  Source-Line:libMvCameraControl.so(GigEDevice.cpp-L0662)  ProcessName:xian_dj_visual_platform_mv_cs016_10gc_color_tcp_server(496)     Description:[OpenDevice]OpenDevice, cost time 683.000000ms 
Info    2024-06-17 20:41:13:186  DevID:  Source-Line:libMvCameraControl.so(GenICamImpl.cpp-L2091)  ProcessName:xian_dj_visual_platform_mv_cs016_10gc_color_tcp_server(496)     Description:[RecordThread]RecordThread Start, ThreadId[-1521515680]
Info    2024-06-17 20:41:13:207  DevID:MV-CS016-10GC(DA7279444)  Source-Line:libMvCameraControl.so(GenICamImpl.cpp-L2116)  ProcessName:xian_dj_visual_platform_mv_cs016_10gc_color_tcp_server(496)     Description:[RecordThreadProc][Record] Get BlackLevel value [240]
Info    2024-06-17 20:41:13:221  DevID:MV-CS016-10GC(DA7279444)  Source-Line:libMvCameraControl.so(GenICamImpl.cpp-L2133)  ProcessName:xian_dj_visual_platform_mv_cs016_10gc_color_tcp_server(496)     Description:[RecordThreadProc][Record] Get BalanceWhiteAuto Value [1] (0:off 1:contineu; 2:once):
Info    2024-06-17 20:41:13:226  DevID:MV-CS016-10GC(DA7279444)  Source-Line:libMvCameraControl.so(GenICamImpl.cpp-L2188)  ProcessName:xian_dj_visual_platform_mv_cs016_10gc_color_tcp_server(496)     Description:[RecordThreadProc][Record] Get ExposureAuto value [2]
Info    2024-06-17 20:41:13:266  DevID:MV-CS016-10GC(DA7279444)  Source-Line:libMvCameraControl.so(GigEStream.cpp-L0063)  ProcessName:xian_dj_visual_platform_mv_cs016_10gc_color_tcp_server(496)     Description:[StartGrabbing][GEV]Width[1440], Height[1080], PixelFormat[0x1080009], PayloadSize[1555200], ChunkCount[100], CompressMode[0], DeviceUptime[700]
Info    2024-06-17 20:41:13:278  DevID:MV-CS016-10GC(DA7279444)  Source-Line:libMvCameraControl.so(GenICamImpl.cpp-L2205)  ProcessName:xian_dj_visual_platform_mv_cs016_10gc_color_tcp_server(496)     Description:[RecordThreadProc][Record] Get ExposureTime value [14939.000000] 
Info    2024-06-17 20:41:13:281  DevID:MV-CS016-10GC(DA7279444)  Source-Line:libMvCameraControl.so(StreamGrab.cpp-L0437)  ProcessName:xian_dj_visual_platform_mv_cs016_10gc_color_tcp_server(496)     Description:[StartGrabbing]Start grabbing success, There is no registration callback.
Info    2024-06-17 20:41:13:283  DevID:MV-CS016-10GC(DA7279444)  Source-Line:libMvCameraControl.so(GenICamImpl.cpp-L2221)  ProcessName:xian_dj_visual_platform_mv_cs016_10gc_color_tcp_server(496)     Description:[RecordThreadProc][Record] Get GainAuto value [0] (0:off 1:contineu; 2:once):
Info    2024-06-17 20:41:13:288  DevID:MV-CS016-10GC(DA7279444)  Source-Line:libMvCameraControl.so(GenICamImpl.cpp-L2237)  ProcessName:xian_dj_visual_platform_mv_cs016_10gc_color_tcp_server(496)     Description:[RecordThreadProc][Record] Get Gain value [4.128500] 
Info    2024-06-17 20:41:13:289  DevID:MV-CS016-10GC(DA7279444)  Source-Line:libMvCameraControl.so(GenICamImpl.cpp-L2253)  ProcessName:xian_dj_visual_platform_mv_cs016_10gc_color_tcp_server(496)     Description:[RecordThreadProc][Record] Get PixelFormat value [17301513] :
Info    2024-06-17 20:41:13:294  DevID:MV-CS016-10GC(DA7279444)  Source-Line:libMvCameraControl.so(GenICamImpl.cpp-L2302)  ProcessName:xian_dj_visual_platform_mv_cs016_10gc_color_tcp_server(496)     Description:[RecordThreadProc][Record] Get UserSetCurrent value [1]
Info    2024-06-17 20:41:13:298  DevID:MV-CS016-10GC(DA7279444)  Source-Line:libMvCameraControl.so(GenICamImpl.cpp-L2318)  ProcessName:xian_dj_visual_platform_mv_cs016_10gc_color_tcp_server(496)     Description:[RecordThreadProc][Record] Get UserSetSelector value [1] 
Info    2024-06-17 20:41:13:300  DevID:MV-CS016-10GC(DA7279444)  Source-Line:libMvCameraControl.so(GenICamImpl.cpp-L2334)  ProcessName:xian_dj_visual_platform_mv_cs016_10gc_color_tcp_server(496)     Description:[RecordThreadProc][Record] Get UserSetDefault value[1]
Info    2024-06-17 20:41:13:300  DevID:  Source-Line:libMvCameraControl.so(GenICamImpl.cpp-L2096)  ProcessName:xian_dj_visual_platform_mv_cs016_10gc_color_tcp_server(496)     Description:[RecordThread]RecordThread End, ThreadId[-1521515680]
Warning 2024-06-17 20:41:43:148  DevID:MV-CS016-10GC(DA7279444)  Source-Line:libMvCameraControl.so(StreamGrab.cpp-L0611)  ProcessName:xian_dj_visual_platform_mv_cs016_10gc_color_tcp_server(496)     Description:[GetImageBuffer]This frame lose packets, FrameNum[597], LostPacket[121]
Warning 2024-06-17 20:41:57:377  DevID:MV-CS016-10GC(DA7279444)  Source-Line:libMvCameraControl.so(StreamGrab.cpp-L0611)  ProcessName:xian_dj_visual_platform_mv_cs016_10gc_color_tcp_server(496)     Description:[GetImageBuffer]This frame lose packets, FrameNum[881], LostPacket[7]
Warning 2024-06-17 20:41:59:789  DevID:MV-CS016-10GC(DA7279444)  Source-Line:libMvCameraControl.so(StreamGrab.cpp-L0611)  ProcessName:xian_dj_visual_platform_mv_cs016_10gc_color_tcp_server(496)     Description:[GetImageBuffer]This frame lose packets, FrameNum[929], LostPacket[5]
Warning 2024-06-17 20:42:01:982  DevID:MV-CS016-10GC(DA7279444)  Source-Line:libMvCameraControl.so(StreamGrab.cpp-L0611)  ProcessName:xian_dj_visual_platform_mv_cs016_10gc_color_tcp_server(496)     Description:[GetImageBuffer]This frame lose packets, FrameNum[973], LostPacket[1]
Warning 2024-06-17 20:42:10:451  DevID:MV-CS016-10GC(DA7279444)  Source-Line:libMvCameraControl.so(StreamGrab.cpp-L0611)  ProcessName:xian_dj_visual_platform_mv_cs016_10gc_color_tcp_server(496)     Description:[GetImageBuffer]This frame lose packets, FrameNum[1143], LostPacket[17]
Warning 2024-06-17 20:42:19:046  DevID:MV-CS016-10GC(DA7279444)  Source-Line:libMvCameraControl.so(StreamGrab.cpp-L0611)  ProcessName:xian_dj_visual_platform_mv_cs016_10gc_color_tcp_server(496)     Description:[GetImageBuffer]This frame lose packets, FrameNum[1314], LostPacket[17]
Warning 2024-06-17 20:42:25:198  DevID:MV-CS016-10GC(DA7279444)  Source-Line:libMvCameraControl.so(StreamGrab.cpp-L0611)  ProcessName:xian_dj_visual_platform_mv_cs016_10gc_color_tcp_server(496)     Description:[GetImageBuffer]This frame lose packets, FrameNum[1437], LostPacket[66]
Warning 2024-06-17 20:42:26:102  DevID:MV-CS016-10GC(DA7279444)  Source-Line:libMvCameraControl.so(StreamGrab.cpp-L0611)  ProcessName:xian_dj_visual_platform_mv_cs016_10gc_color_tcp_server(496)     Description:[GetImageBuffer]This frame lose packets, FrameNum[1456], LostPacket[17]
Warning 2024-06-17 20:42:32:449  DevID:MV-CS016-10GC(DA7279444)  Source-Line:libMvCameraControl.so(StreamGrab.cpp-L0611)  ProcessName:xian_dj_visual_platform_mv_cs016_10gc_color_tcp_server(496)     Description:[GetImageBuffer]This frame lose packets, FrameNum[1582], LostPacket[9]
Warning 2024-06-17 20:42:40:869  DevID:MV-CS016-10GC(DA7279444)  Source-Line:libMvCameraControl.so(StreamGrab.cpp-L0611)  ProcessName:xian_dj_visual_platform_mv_cs016_10gc_color_tcp_server(496)     Description:[GetImageBuffer]This frame lose packets, FrameNum[1751], LostPacket[13]
Error   2024-06-17 20:53:29:990  DevID:  Source-Line:libMvCameraControl.so(GenTLLoadLibraryEx.cpp-L0222)  ProcessName:xian_dj_visual_platform_mv_cs016_10gc_color_tcp_server(623)     Description:[LoadCtiLibInter]Load CTI failed! CTI path[/opt/MVS/lib/aarch64/MvFGProducerGEV.cti], nRet[0x8000000c]
Error   2024-06-17 20:53:29:990  DevID:  Source-Line:libMvCameraControl.so(FGDeviceEnumerator.cpp-L0103)  ProcessName:xian_dj_visual_platform_mv_cs016_10gc_color_tcp_server(623)     Description:[EnumInterfaceInter]EnumInterfaces failed! Ret[0x8000000c], TLayerType[0x1], CTI[/opt/MVS/lib/aarch64/MvFGProducerGEV.cti]
Info    2024-06-17 20:53:30:094  DevID:MV-CS016-10GC(DA7279444)  Source-Line:libMvCameraControl.so(GigEDevice.cpp-L0140)  ProcessName:xian_dj_visual_platform_mv_cs016_10gc_color_tcp_server(623)     Description:[Init]GEV INFO DeviceIP[192.168.1.20], NetIP[192.168.1.12], ManufacturerInfo[Hikrobot], DeviceVersion[V4.0.44 250410 1500180], UserID[]
Info    2024-06-17 20:53:30:094  DevID:MV-CS016-10GC(DA7279444)  Source-Line:libMvCameraControl.so(MediaProcess.cpp-L0882)  ProcessName:xian_dj_visual_platform_mv_cs016_10gc_color_tcp_server(623)     Description:[SetBayerCvtQuality]Set Bayer CvtQuality success! BayerCvtQuality[1]
Info    2024-06-17 20:53:30:095  DevID:MV-CS016-10GC(DA7279444)  Source-Line:libMvCameraControl.so(MediaProcess.cpp-L1734)  ProcessName:xian_dj_visual_platform_mv_cs016_10gc_color_tcp_server(623)     Description:[SetBayerThreadNum]Set Bayer Thread Num success! BayerThreadNum[2]
Info    2024-06-17 20:53:30:095  DevID:MV-CS016-10GC(DA7279444)  Source-Line:libMvCameraControl.so(MediaProcess.cpp-L0882)  ProcessName:xian_dj_visual_platform_mv_cs016_10gc_color_tcp_server(623)     Description:[SetBayerCvtQuality]Set Bayer CvtQuality success! BayerCvtQuality[1]
Info    2024-06-17 20:53:30:095  DevID:MV-CS016-10GC(DA7279444)  Source-Line:libMvCameraControl.so(MediaProcess.cpp-L1734)  ProcessName:xian_dj_visual_platform_mv_cs016_10gc_color_tcp_server(623)     Description:[SetBayerThreadNum]Set Bayer Thread Num success! BayerThreadNum[2]
Info    2024-06-17 20:53:30:095  DevID:MV-CS016-10GC(DA7279444)  Source-Line:libMvCameraControl.so(MediaProcess.cpp-L0882)  ProcessName:xian_dj_visual_platform_mv_cs016_10gc_color_tcp_server(623)     Description:[SetBayerCvtQuality]Set Bayer CvtQuality success! BayerCvtQuality[1]
Info    2024-06-17 20:53:30:095  DevID:MV-CS016-10GC(DA7279444)  Source-Line:libMvCameraControl.so(MediaProcess.cpp-L1734)  ProcessName:xian_dj_visual_platform_mv_cs016_10gc_color_tcp_server(623)     Description:[SetBayerThreadNum]Set Bayer Thread Num success! BayerThreadNum[2]
Info    2024-06-17 20:53:30:095  DevID:MV-CS016-10GC(DA7279444)  Source-Line:libMvCameraControl.so(GigEDevice.cpp-L0191)  ProcessName:xian_dj_visual_platform_mv_cs016_10gc_color_tcp_server(623)     Description:[IsValidVersion]MvCameraControl Version[0x4050003], GigE SDKVersion[0x4050003], DriverVersion[0x0]
Info    2024-06-17 20:53:30:471  DevID:MV-CS016-10GC(DA7279444)  Source-Line:libMvCameraControl.so(GigEDevice.cpp-L0387)  ProcessName:xian_dj_visual_platform_mv_cs016_10gc_color_tcp_server(623)     Description:[GetGenICamXML]Get XML success!
Info    2024-06-17 20:53:30:471  DevID:MV-CS016-10GC(DA7279444)  Source-Line:libMvCameraControl.so(GigEDevice.cpp-L0590)  ProcessName:xian_dj_visual_platform_mv_cs016_10gc_color_tcp_server(623)     Description:[OpenDevice]Get GenICamXML len [0x11c3b7] Type[1]
Info    2024-06-17 20:53:30:818  DevID:MV-CS016-10GC(DA7279444)  Source-Line:libMvCameraControl.so(GenICamImpl.cpp-L0679)  ProcessName:xian_dj_visual_platform_mv_cs016_10gc_color_tcp_server(623)     Description:[InvalidateNodes]Invalidate Nodes success
Info    2024-06-17 20:53:30:818  DevID:MV-CS016-10GC(DA7279444)  Source-Line:libMvCameraControl.so(GigEDevice.cpp-L0622)  ProcessName:xian_dj_visual_platform_mv_cs016_10gc_color_tcp_server(623)     Description:[OpenDevice]Invalidate Nodes success
Info    2024-06-17 20:53:30:824  DevID:MV-CS016-10GC(DA7279444)  Source-Line:libMvCameraControl.so(GigEDevice.cpp-L0650)  ProcessName:xian_dj_visual_platform_mv_cs016_10gc_color_tcp_server(623)     Description:[OpenDevice]Open device success! PrivilegeMode[1], SwitchoverKey[0], DeviceUptime[1438],DeviceFirmwareVersion[V4.0.44 2504101500180 23121101]
Info    2024-06-17 20:53:30:824  DevID:MV-CS016-10GC(DA7279444)  Source-Line:libMvCameraControl.so(GigEDevice.cpp-L0662)  ProcessName:xian_dj_visual_platform_mv_cs016_10gc_color_tcp_server(623)     Description:[OpenDevice]OpenDevice, cost time 729.000000ms 
Info    2024-06-17 20:53:30:824  DevID:  Source-Line:libMvCameraControl.so(GenICamImpl.cpp-L2091)  ProcessName:xian_dj_visual_platform_mv_cs016_10gc_color_tcp_server(623)     Description:[RecordThread]RecordThread Start, ThreadId[2001507168]
Info    2024-06-17 20:53:30:845  DevID:MV-CS016-10GC(DA7279444)  Source-Line:libMvCameraControl.so(GenICamImpl.cpp-L2116)  ProcessName:xian_dj_visual_platform_mv_cs016_10gc_color_tcp_server(623)     Description:[RecordThreadProc][Record] Get BlackLevel value [240]
Info    2024-06-17 20:53:30:848  DevID:MV-CS016-10GC(DA7279444)  Source-Line:libMvCameraControl.so(GenICamImpl.cpp-L2133)  ProcessName:xian_dj_visual_platform_mv_cs016_10gc_color_tcp_server(623)     Description:[RecordThreadProc][Record] Get BalanceWhiteAuto Value [1] (0:off 1:contineu; 2:once):
Info    2024-06-17 20:53:30:853  DevID:MV-CS016-10GC(DA7279444)  Source-Line:libMvCameraControl.so(GenICamImpl.cpp-L2188)  ProcessName:xian_dj_visual_platform_mv_cs016_10gc_color_tcp_server(623)     Description:[RecordThreadProc][Record] Get ExposureAuto value [2]
Info    2024-06-17 20:53:30:862  DevID:MV-CS016-10GC(DA7279444)  Source-Line:libMvCameraControl.so(GenICamImpl.cpp-L2205)  ProcessName:xian_dj_visual_platform_mv_cs016_10gc_color_tcp_server(623)     Description:[RecordThreadProc][Record] Get ExposureTime value [14939.000000] 
Info    2024-06-17 20:53:30:902  DevID:MV-CS016-10GC(DA7279444)  Source-Line:libMvCameraControl.so(GigEStream.cpp-L0063)  ProcessName:xian_dj_visual_platform_mv_cs016_10gc_color_tcp_server(623)     Description:[StartGrabbing][GEV]Width[1440], Height[1080], PixelFormat[0x1080009], PayloadSize[1555200], ChunkCount[100], CompressMode[0], DeviceUptime[1438]
Info    2024-06-17 20:53:30:911  DevID:MV-CS016-10GC(DA7279444)  Source-Line:libMvCameraControl.so(GenICamImpl.cpp-L2221)  ProcessName:xian_dj_visual_platform_mv_cs016_10gc_color_tcp_server(623)     Description:[RecordThreadProc][Record] Get GainAuto value [0] (0:off 1:contineu; 2:once):
Info    2024-06-17 20:53:30:914  DevID:MV-CS016-10GC(DA7279444)  Source-Line:libMvCameraControl.so(StreamGrab.cpp-L0437)  ProcessName:xian_dj_visual_platform_mv_cs016_10gc_color_tcp_server(623)     Description:[StartGrabbing]Start grabbing success, There is no registration callback.
Info    2024-06-17 20:53:30:919  DevID:MV-CS016-10GC(DA7279444)  Source-Line:libMvCameraControl.so(GenICamImpl.cpp-L2237)  ProcessName:xian_dj_visual_platform_mv_cs016_10gc_color_tcp_server(623)     Description:[RecordThreadProc][Record] Get Gain value [4.128500] 
Info    2024-06-17 20:53:30:920  DevID:MV-CS016-10GC(DA7279444)  Source-Line:libMvCameraControl.so(GenICamImpl.cpp-L2253)  ProcessName:xian_dj_visual_platform_mv_cs016_10gc_color_tcp_server(623)     Description:[RecordThreadProc][Record] Get PixelFormat value [17301513] :
Info    2024-06-17 20:53:30:925  DevID:MV-CS016-10GC(DA7279444)  Source-Line:libMvCameraControl.so(GenICamImpl.cpp-L2302)  ProcessName:xian_dj_visual_platform_mv_cs016_10gc_color_tcp_server(623)     Description:[RecordThreadProc][Record] Get UserSetCurrent value [1]
Info    2024-06-17 20:53:30:927  DevID:MV-CS016-10GC(DA7279444)  Source-Line:libMvCameraControl.so(GenICamImpl.cpp-L2318)  ProcessName:xian_dj_visual_platform_mv_cs016_10gc_color_tcp_server(623)     Description:[RecordThreadProc][Record] Get UserSetSelector value [1] 
Info    2024-06-17 20:53:30:928  DevID:MV-CS016-10GC(DA7279444)  Source-Line:libMvCameraControl.so(GenICamImpl.cpp-L2334)  ProcessName:xian_dj_visual_platform_mv_cs016_10gc_color_tcp_server(623)     Description:[RecordThreadProc][Record] Get UserSetDefault value[1]
Info    2024-06-17 20:53:30:928  DevID:  Source-Line:libMvCameraControl.so(GenICamImpl.cpp-L2096)  ProcessName:xian_dj_visual_platform_mv_cs016_10gc_color_tcp_server(623)     Description:[RecordThread]RecordThread End, ThreadId[2001507168]
Error   2024-06-17 20:59:57:897  DevID:  Source-Line:libMvCameraControl.so(GenTLLoadLibraryEx.cpp-L0222)  ProcessName:xian_dj_visual_platform_mv_cs016_10gc_color_tcp_server(679)     Description:[LoadCtiLibInter]Load CTI failed! CTI path[/opt/MVS/lib/aarch64/MvFGProducerGEV.cti], nRet[0x8000000c]
Error   2024-06-17 20:59:57:897  DevID:  Source-Line:libMvCameraControl.so(FGDeviceEnumerator.cpp-L0103)  ProcessName:xian_dj_visual_platform_mv_cs016_10gc_color_tcp_server(679)     Description:[EnumInterfaceInter]EnumInterfaces failed! Ret[0x8000000c], TLayerType[0x1], CTI[/opt/MVS/lib/aarch64/MvFGProducerGEV.cti]
Info    2024-06-17 20:59:57:001  DevID:MV-CS016-10GC(DA7279444)  Source-Line:libMvCameraControl.so(GigEDevice.cpp-L0140)  ProcessName:xian_dj_visual_platform_mv_cs016_10gc_color_tcp_server(679)     Description:[Init]GEV INFO DeviceIP[192.168.1.20], NetIP[192.168.1.12], ManufacturerInfo[Hikrobot], DeviceVersion[V4.0.44 250410 1500180], UserID[]
Info    2024-06-17 20:59:57:001  DevID:MV-CS016-10GC(DA7279444)  Source-Line:libMvCameraControl.so(MediaProcess.cpp-L0882)  ProcessName:xian_dj_visual_platform_mv_cs016_10gc_color_tcp_server(679)     Description:[SetBayerCvtQuality]Set Bayer CvtQuality success! BayerCvtQuality[1]
Info    2024-06-17 20:59:57:001  DevID:MV-CS016-10GC(DA7279444)  Source-Line:libMvCameraControl.so(MediaProcess.cpp-L1734)  ProcessName:xian_dj_visual_platform_mv_cs016_10gc_color_tcp_server(679)     Description:[SetBayerThreadNum]Set Bayer Thread Num success! BayerThreadNum[2]
Info    2024-06-17 20:59:57:001  DevID:MV-CS016-10GC(DA7279444)  Source-Line:libMvCameraControl.so(MediaProcess.cpp-L0882)  ProcessName:xian_dj_visual_platform_mv_cs016_10gc_color_tcp_server(679)     Description:[SetBayerCvtQuality]Set Bayer CvtQuality success! BayerCvtQuality[1]
Info    2024-06-17 20:59:57:001  DevID:MV-CS016-10GC(DA7279444)  Source-Line:libMvCameraControl.so(MediaProcess.cpp-L1734)  ProcessName:xian_dj_visual_platform_mv_cs016_10gc_color_tcp_server(679)     Description:[SetBayerThreadNum]Set Bayer Thread Num success! BayerThreadNum[2]
Info    2024-06-17 20:59:57:002  DevID:MV-CS016-10GC(DA7279444)  Source-Line:libMvCameraControl.so(MediaProcess.cpp-L0882)  ProcessName:xian_dj_visual_platform_mv_cs016_10gc_color_tcp_server(679)     Description:[SetBayerCvtQuality]Set Bayer CvtQuality success! BayerCvtQuality[1]
Info    2024-06-17 20:59:57:002  DevID:MV-CS016-10GC(DA7279444)  Source-Line:libMvCameraControl.so(MediaProcess.cpp-L1734)  ProcessName:xian_dj_visual_platform_mv_cs016_10gc_color_tcp_server(679)     Description:[SetBayerThreadNum]Set Bayer Thread Num success! BayerThreadNum[2]
Info    2024-06-17 20:59:57:002  DevID:MV-CS016-10GC(DA7279444)  Source-Line:libMvCameraControl.so(GigEDevice.cpp-L0191)  ProcessName:xian_dj_visual_platform_mv_cs016_10gc_color_tcp_server(679)     Description:[IsValidVersion]MvCameraControl Version[0x4050003], GigE SDKVersion[0x4050003], DriverVersion[0x0]
Info    2024-06-17 20:59:58:360  DevID:MV-CS016-10GC(DA7279444)  Source-Line:libMvCameraControl.so(GigEDevice.cpp-L0387)  ProcessName:xian_dj_visual_platform_mv_cs016_10gc_color_tcp_server(679)     Description:[GetGenICamXML]Get XML success!
Info    2024-06-17 20:59:58:360  DevID:MV-CS016-10GC(DA7279444)  Source-Line:libMvCameraControl.so(GigEDevice.cpp-L0590)  ProcessName:xian_dj_visual_platform_mv_cs016_10gc_color_tcp_server(679)     Description:[OpenDevice]Get GenICamXML len [0x11c3b7] Type[1]
Info    2024-06-17 20:59:58:698  DevID:MV-CS016-10GC(DA7279444)  Source-Line:libMvCameraControl.so(GenICamImpl.cpp-L0679)  ProcessName:xian_dj_visual_platform_mv_cs016_10gc_color_tcp_server(679)     Description:[InvalidateNodes]Invalidate Nodes success
Info    2024-06-17 20:59:58:698  DevID:MV-CS016-10GC(DA7279444)  Source-Line:libMvCameraControl.so(GigEDevice.cpp-L0622)  ProcessName:xian_dj_visual_platform_mv_cs016_10gc_color_tcp_server(679)     Description:[OpenDevice]Invalidate Nodes success
Info    2024-06-17 20:59:58:704  DevID:MV-CS016-10GC(DA7279444)  Source-Line:libMvCameraControl.so(GigEDevice.cpp-L0650)  ProcessName:xian_dj_visual_platform_mv_cs016_10gc_color_tcp_server(679)     Description:[OpenDevice]Open device success! PrivilegeMode[1], SwitchoverKey[0], DeviceUptime[1826],DeviceFirmwareVersion[V4.0.44 2504101500180 23121101]
Info    2024-06-17 20:59:58:704  DevID:MV-CS016-10GC(DA7279444)  Source-Line:libMvCameraControl.so(GigEDevice.cpp-L0662)  ProcessName:xian_dj_visual_platform_mv_cs016_10gc_color_tcp_server(679)     Description:[OpenDevice]OpenDevice, cost time 702.000000ms 
Info    2024-06-17 20:59:58:704  DevID:  Source-Line:libMvCameraControl.so(GenICamImpl.cpp-L2091)  ProcessName:xian_dj_visual_platform_mv_cs016_10gc_color_tcp_server(679)     Description:[RecordThread]RecordThread Start, ThreadId[1959396192]
Info    2024-06-17 20:59:58:724  DevID:MV-CS016-10GC(DA7279444)  Source-Line:libMvCameraControl.so(GenICamImpl.cpp-L2116)  ProcessName:xian_dj_visual_platform_mv_cs016_10gc_color_tcp_server(679)     Description:[RecordThreadProc][Record] Get BlackLevel value [240]
Info    2024-06-17 20:59:58:769  DevID:MV-CS016-10GC(DA7279444)  Source-Line:libMvCameraControl.so(GigEStream.cpp-L0063)  ProcessName:xian_dj_visual_platform_mv_cs016_10gc_color_tcp_server(679)     Description:[StartGrabbing][GEV]Width[1440], Height[1080], PixelFormat[0x1080009], PayloadSize[1555200], ChunkCount[100], CompressMode[0], DeviceUptime[1826]
Info    2024-06-17 20:59:58:772  DevID:MV-CS016-10GC(DA7279444)  Source-Line:libMvCameraControl.so(GenICamImpl.cpp-L2133)  ProcessName:xian_dj_visual_platform_mv_cs016_10gc_color_tcp_server(679)     Description:[RecordThreadProc][Record] Get BalanceWhiteAuto Value [1] (0:off 1:contineu; 2:once):
Info    2024-06-17 20:59:58:786  DevID:MV-CS016-10GC(DA7279444)  Source-Line:libMvCameraControl.so(GenICamImpl.cpp-L2188)  ProcessName:xian_dj_visual_platform_mv_cs016_10gc_color_tcp_server(679)     Description:[RecordThreadProc][Record] Get ExposureAuto value [2]
Info    2024-06-17 20:59:58:790  DevID:MV-CS016-10GC(DA7279444)  Source-Line:libMvCameraControl.so(GenICamImpl.cpp-L2205)  ProcessName:xian_dj_visual_platform_mv_cs016_10gc_color_tcp_server(679)     Description:[RecordThreadProc][Record] Get ExposureTime value [14939.000000] 
Info    2024-06-17 20:59:58:793  DevID:MV-CS016-10GC(DA7279444)  Source-Line:libMvCameraControl.so(GenICamImpl.cpp-L2221)  ProcessName:xian_dj_visual_platform_mv_cs016_10gc_color_tcp_server(679)     Description:[RecordThreadProc][Record] Get GainAuto value [0] (0:off 1:contineu; 2:once):
Info    2024-06-17 20:59:58:797  DevID:MV-CS016-10GC(DA7279444)  Source-Line:libMvCameraControl.so(GenICamImpl.cpp-L2237)  ProcessName:xian_dj_visual_platform_mv_cs016_10gc_color_tcp_server(679)     Description:[RecordThreadProc][Record] Get Gain value [4.128500] 
Info    2024-06-17 20:59:58:798  DevID:MV-CS016-10GC(DA7279444)  Source-Line:libMvCameraControl.so(GenICamImpl.cpp-L2253)  ProcessName:xian_dj_visual_platform_mv_cs016_10gc_color_tcp_server(679)     Description:[RecordThreadProc][Record] Get PixelFormat value [17301513] :
Info    2024-06-17 20:59:58:803  DevID:MV-CS016-10GC(DA7279444)  Source-Line:libMvCameraControl.so(GenICamImpl.cpp-L2302)  ProcessName:xian_dj_visual_platform_mv_cs016_10gc_color_tcp_server(679)     Description:[RecordThreadProc][Record] Get UserSetCurrent value [1]
Info    2024-06-17 20:59:58:805  DevID:MV-CS016-10GC(DA7279444)  Source-Line:libMvCameraControl.so(GenICamImpl.cpp-L2318)  ProcessName:xian_dj_visual_platform_mv_cs016_10gc_color_tcp_server(679)     Description:[RecordThreadProc][Record] Get UserSetSelector value [1] 
Info    2024-06-17 20:59:58:806  DevID:MV-CS016-10GC(DA7279444)  Source-Line:libMvCameraControl.so(GenICamImpl.cpp-L2334)  ProcessName:xian_dj_visual_platform_mv_cs016_10gc_color_tcp_server(679)     Description:[RecordThreadProc][Record] Get UserSetDefault value[1]
Info    2024-06-17 20:59:58:806  DevID:  Source-Line:libMvCameraControl.so(GenICamImpl.cpp-L2096)  ProcessName:xian_dj_visual_platform_mv_cs016_10gc_color_tcp_server(679)     Description:[RecordThread]RecordThread End, ThreadId[1959396192]
Info    2024-06-17 20:59:58:809  DevID:MV-CS016-10GC(DA7279444)  Source-Line:libMvCameraControl.so(StreamGrab.cpp-L0437)  ProcessName:xian_dj_visual_platform_mv_cs016_10gc_color_tcp_server(679)     Description:[StartGrabbing]Start grabbing success, There is no registration callback.
Warning 2024-06-17 21:00:16:292  DevID:MV-CS016-10GC(DA7279444)  Source-Line:libMvCameraControl.so(StreamGrab.cpp-L0611)  ProcessName:xian_dj_visual_platform_mv_cs016_10gc_color_tcp_server(679)     Description:[GetImageBuffer]This frame lose packets, FrameNum[349], LostPacket[3]
Warning 2024-06-17 21:00:16:780  DevID:MV-CS016-10GC(DA7279444)  Source-Line:libMvCameraControl.so(StreamGrab.cpp-L0611)  ProcessName:xian_dj_visual_platform_mv_cs016_10gc_color_tcp_server(679)     Description:[GetImageBuffer]This frame lose packets, FrameNum[359], LostPacket[42]
Warning 2024-06-17 21:00:34:169  DevID:MV-CS016-10GC(DA7279444)  Source-Line:libMvCameraControl.so(StreamGrab.cpp-L0611)  ProcessName:xian_dj_visual_platform_mv_cs016_10gc_color_tcp_server(679)     Description:[GetImageBuffer]This frame lose packets, FrameNum[706], LostPacket[31]
Warning 2024-06-17 21:00:39:341  DevID:MV-CS016-10GC(DA7279444)  Source-Line:libMvCameraControl.so(StreamGrab.cpp-L0611)  ProcessName:xian_dj_visual_platform_mv_cs016_10gc_color_tcp_server(679)     Description:[GetImageBuffer]This frame lose packets, FrameNum[810], LostPacket[9]
Warning 2024-06-17 21:00:41:847  DevID:MV-CS016-10GC(DA7279444)  Source-Line:libMvCameraControl.so(StreamGrab.cpp-L0611)  ProcessName:xian_dj_visual_platform_mv_cs016_10gc_color_tcp_server(679)     Description:[GetImageBuffer]This frame lose packets, FrameNum[860], LostPacket[31]
Warning 2024-06-17 21:00:44:143  DevID:MV-CS016-10GC(DA7279444)  Source-Line:libMvCameraControl.so(StreamGrab.cpp-L0611)  ProcessName:xian_dj_visual_platform_mv_cs016_10gc_color_tcp_server(679)     Description:[GetImageBuffer]This frame lose packets, FrameNum[906], LostPacket[1]
Warning 2024-06-17 21:00:45:207  DevID:MV-CS016-10GC(DA7279444)  Source-Line:libMvCameraControl.so(StreamGrab.cpp-L0611)  ProcessName:xian_dj_visual_platform_mv_cs016_10gc_color_tcp_server(679)     Description:[GetImageBuffer]This frame lose packets, FrameNum[927], LostPacket[5]
Warning 2024-06-17 21:00:52:189  DevID:MV-CS016-10GC(DA7279444)  Source-Line:libMvCameraControl.so(StreamGrab.cpp-L0611)  ProcessName:xian_dj_visual_platform_mv_cs016_10gc_color_tcp_server(679)     Description:[GetImageBuffer]This frame lose packets, FrameNum[1067], LostPacket[60]
Warning 2024-06-17 21:00:59:103  DevID:MV-CS016-10GC(DA7279444)  Source-Line:libMvCameraControl.so(StreamGrab.cpp-L0611)  ProcessName:xian_dj_visual_platform_mv_cs016_10gc_color_tcp_server(679)     Description:[GetImageBuffer]This frame lose packets, FrameNum[1205], LostPacket[26]
Warning 2024-06-17 21:01:02:447  DevID:MV-CS016-10GC(DA7279444)  Source-Line:libMvCameraControl.so(StreamGrab.cpp-L0611)  ProcessName:xian_dj_visual_platform_mv_cs016_10gc_color_tcp_server(679)     Description:[GetImageBuffer]This frame lose packets, FrameNum[1272], LostPacket[27]
Warning 2024-06-17 21:01:32:723  DevID:MV-CS016-10GC(DA7279444)  Source-Line:libMvCameraControl.so(StreamGrab.cpp-L0611)  ProcessName:xian_dj_visual_platform_mv_cs016_10gc_color_tcp_server(679)     Description:[GetImageBuffer]This frame lose packets, FrameNum[1877], LostPacket[5]
Warning 2024-06-17 21:01:34:191  DevID:MV-CS016-10GC(DA7279444)  Source-Line:libMvCameraControl.so(StreamGrab.cpp-L0611)  ProcessName:xian_dj_visual_platform_mv_cs016_10gc_color_tcp_server(679)     Description:[GetImageBuffer]This frame lose packets, FrameNum[1907], LostPacket[17]
Warning 2024-06-17 21:01:41:397  DevID:MV-CS016-10GC(DA7279444)  Source-Line:libMvCameraControl.so(StreamGrab.cpp-L0611)  ProcessName:xian_dj_visual_platform_mv_cs016_10gc_color_tcp_server(679)     Description:[GetImageBuffer]This frame lose packets, FrameNum[2051], LostPacket[16]
Warning 2024-06-17 21:01:45:046  DevID:MV-CS016-10GC(DA7279444)  Source-Line:libMvCameraControl.so(StreamGrab.cpp-L0611)  ProcessName:xian_dj_visual_platform_mv_cs016_10gc_color_tcp_server(679)     Description:[GetImageBuffer]This frame lose packets, FrameNum[2124], LostPacket[1]
Warning 2024-06-17 21:01:50:139  DevID:MV-CS016-10GC(DA7279444)  Source-Line:libMvCameraControl.so(StreamGrab.cpp-L0611)  ProcessName:xian_dj_visual_platform_mv_cs016_10gc_color_tcp_server(679)     Description:[GetImageBuffer]This frame lose packets, FrameNum[2226], LostPacket[6]
Warning 2024-06-17 21:02:04:180  DevID:MV-CS016-10GC(DA7279444)  Source-Line:libMvCameraControl.so(StreamGrab.cpp-L0611)  ProcessName:xian_dj_visual_platform_mv_cs016_10gc_color_tcp_server(679)     Description:[GetImageBuffer]This frame lose packets, FrameNum[2507], LostPacket[16]
Warning 2024-06-17 21:02:05:383  DevID:MV-CS016-10GC(DA7279444)  Source-Line:libMvCameraControl.so(StreamGrab.cpp-L0611)  ProcessName:xian_dj_visual_platform_mv_cs016_10gc_color_tcp_server(679)     Description:[GetImageBuffer]This frame lose packets, FrameNum[2531], LostPacket[13]
Warning 2024-06-17 21:02:10:482  DevID:MV-CS016-10GC(DA7279444)  Source-Line:libMvCameraControl.so(StreamGrab.cpp-L0611)  ProcessName:xian_dj_visual_platform_mv_cs016_10gc_color_tcp_server(679)     Description:[GetImageBuffer]This frame lose packets, FrameNum[2633], LostPacket[32]
Warning 2024-06-17 21:02:17:974  DevID:MV-CS016-10GC(DA7279444)  Source-Line:libMvCameraControl.so(StreamGrab.cpp-L0611)  ProcessName:xian_dj_visual_platform_mv_cs016_10gc_color_tcp_server(679)     Description:[GetImageBuffer]This frame lose packets, FrameNum[2782], LostPacket[25]
Warning 2024-06-17 21:03:10:394  DevID:MV-CS016-10GC(DA7279444)  Source-Line:libMvCameraControl.so(StreamGrab.cpp-L0611)  ProcessName:xian_dj_visual_platform_mv_cs016_10gc_color_tcp_server(679)     Description:[GetImageBuffer]This frame lose packets, FrameNum[3831], LostPacket[24]
Warning 2024-06-17 21:03:17:109  DevID:MV-CS016-10GC(DA7279444)  Source-Line:libMvCameraControl.so(StreamGrab.cpp-L0611)  ProcessName:xian_dj_visual_platform_mv_cs016_10gc_color_tcp_server(679)     Description:[GetImageBuffer]This frame lose packets, FrameNum[3965], LostPacket[120]
Warning 2024-06-17 21:03:22:053  DevID:MV-CS016-10GC(DA7279444)  Source-Line:libMvCameraControl.so(StreamGrab.cpp-L0611)  ProcessName:xian_dj_visual_platform_mv_cs016_10gc_color_tcp_server(679)     Description:[GetImageBuffer]This frame lose packets, FrameNum[4064], LostPacket[121]
Warning 2024-06-17 21:03:23:492  DevID:MV-CS016-10GC(DA7279444)  Source-Line:libMvCameraControl.so(StreamGrab.cpp-L0611)  ProcessName:xian_dj_visual_platform_mv_cs016_10gc_color_tcp_server(679)     Description:[GetImageBuffer]This frame lose packets, FrameNum[4093], LostPacket[15]
Warning 2024-06-17 21:03:36:184  DevID:MV-CS016-10GC(DA7279444)  Source-Line:libMvCameraControl.so(StreamGrab.cpp-L0611)  ProcessName:xian_dj_visual_platform_mv_cs016_10gc_color_tcp_server(679)     Description:[GetImageBuffer]This frame lose packets, FrameNum[4347], LostPacket[89]
Warning 2024-06-17 21:03:36:487  DevID:MV-CS016-10GC(DA7279444)  Source-Line:libMvCameraControl.so(StreamGrab.cpp-L0611)  ProcessName:xian_dj_visual_platform_mv_cs016_10gc_color_tcp_server(679)     Description:[GetImageBuffer]This frame lose packets, FrameNum[4353], LostPacket[54]
Warning 2024-06-17 21:03:49:930  DevID:MV-CS016-10GC(DA7279444)  Source-Line:libMvCameraControl.so(StreamGrab.cpp-L0611)  ProcessName:xian_dj_visual_platform_mv_cs016_10gc_color_tcp_server(679)     Description:[GetImageBuffer]This frame lose packets, FrameNum[4621], LostPacket[4]
Warning 2024-06-17 21:03:53:403  DevID:MV-CS016-10GC(DA7279444)  Source-Line:libMvCameraControl.so(StreamGrab.cpp-L0611)  ProcessName:xian_dj_visual_platform_mv_cs016_10gc_color_tcp_server(679)     Description:[GetImageBuffer]This frame lose packets, FrameNum[4691], LostPacket[101]
Warning 2024-06-17 21:03:54:435  DevID:MV-CS016-10GC(DA7279444)  Source-Line:libMvCameraControl.so(StreamGrab.cpp-L0611)  ProcessName:xian_dj_visual_platform_mv_cs016_10gc_color_tcp_server(679)     Description:[GetImageBuffer]This frame lose packets, FrameNum[4712], LostPacket[71]
Warning 2024-06-17 21:04:27:450  DevID:MV-CS016-10GC(DA7279444)  Source-Line:libMvCameraControl.so(StreamGrab.cpp-L0611)  ProcessName:xian_dj_visual_platform_mv_cs016_10gc_color_tcp_server(679)     Description:[GetImageBuffer]This frame lose packets, FrameNum[5372], LostPacket[1]
Warning 2024-06-17 21:04:33:236  DevID:MV-CS016-10GC(DA7279444)  Source-Line:libMvCameraControl.so(StreamGrab.cpp-L0611)  ProcessName:xian_dj_visual_platform_mv_cs016_10gc_color_tcp_server(679)     Description:[GetImageBuffer]This frame lose packets, FrameNum[5488], LostPacket[61]
Warning 2024-06-17 21:05:00:202  DevID:MV-CS016-10GC(DA7279444)  Source-Line:libMvCameraControl.so(StreamGrab.cpp-L0611)  ProcessName:xian_dj_visual_platform_mv_cs016_10gc_color_tcp_server(679)     Description:[GetImageBuffer]This frame lose packets, FrameNum[6027], LostPacket[19]
Warning 2024-06-17 21:05:06:838  DevID:MV-CS016-10GC(DA7279444)  Source-Line:libMvCameraControl.so(StreamGrab.cpp-L0611)  ProcessName:xian_dj_visual_platform_mv_cs016_10gc_color_tcp_server(679)     Description:[GetImageBuffer]This frame lose packets, FrameNum[6160], LostPacket[22]
Warning 2024-06-17 21:05:11:807  DevID:MV-CS016-10GC(DA7279444)  Source-Line:libMvCameraControl.so(StreamGrab.cpp-L0611)  ProcessName:xian_dj_visual_platform_mv_cs016_10gc_color_tcp_server(679)     Description:[GetImageBuffer]This frame lose packets, FrameNum[6259], LostPacket[39]
Warning 2024-06-17 21:05:14:797  DevID:MV-CS016-10GC(DA7279444)  Source-Line:libMvCameraControl.so(StreamGrab.cpp-L0611)  ProcessName:xian_dj_visual_platform_mv_cs016_10gc_color_tcp_server(679)     Description:[GetImageBuffer]This frame lose packets, FrameNum[6319], LostPacket[33]
Warning 2024-06-17 21:05:28:889  DevID:MV-CS016-10GC(DA7279444)  Source-Line:libMvCameraControl.so(StreamGrab.cpp-L0611)  ProcessName:xian_dj_visual_platform_mv_cs016_10gc_color_tcp_server(679)     Description:[GetImageBuffer]This frame lose packets, FrameNum[6601], LostPacket[16]
Warning 2024-06-17 21:05:29:589  DevID:MV-CS016-10GC(DA7279444)  Source-Line:libMvCameraControl.so(StreamGrab.cpp-L0611)  ProcessName:xian_dj_visual_platform_mv_cs016_10gc_color_tcp_server(679)     Description:[GetImageBuffer]This frame lose packets, FrameNum[6615], LostPacket[86]
Warning 2024-06-17 21:05:30:389  DevID:MV-CS016-10GC(DA7279444)  Source-Line:libMvCameraControl.so(StreamGrab.cpp-L0611)  ProcessName:xian_dj_visual_platform_mv_cs016_10gc_color_tcp_server(679)     Description:[GetImageBuffer]This frame lose packets, FrameNum[6631], LostPacket[44]
Warning 2024-06-17 21:05:31:289  DevID:MV-CS016-10GC(DA7279444)  Source-Line:libMvCameraControl.so(StreamGrab.cpp-L0611)  ProcessName:xian_dj_visual_platform_mv_cs016_10gc_color_tcp_server(679)     Description:[GetImageBuffer]This frame lose packets, FrameNum[6649], LostPacket[62]
Warning 2024-06-17 21:05:32:089  DevID:MV-CS016-10GC(DA7279444)  Source-Line:libMvCameraControl.so(StreamGrab.cpp-L0611)  ProcessName:xian_dj_visual_platform_mv_cs016_10gc_color_tcp_server(679)     Description:[GetImageBuffer]This frame lose packets, FrameNum[6665], LostPacket[20]
Warning 2024-06-17 21:05:32:443  DevID:MV-CS016-10GC(DA7279444)  Source-Line:libMvCameraControl.so(StreamGrab.cpp-L0611)  ProcessName:xian_dj_visual_platform_mv_cs016_10gc_color_tcp_server(679)     Description:[GetImageBuffer]This frame lose packets, FrameNum[6672], LostPacket[45]
Warning 2024-06-17 21:05:32:596  DevID:MV-CS016-10GC(DA7279444)  Source-Line:libMvCameraControl.so(StreamGrab.cpp-L0611)  ProcessName:xian_dj_visual_platform_mv_cs016_10gc_color_tcp_server(679)     Description:[GetImageBuffer]This frame lose packets, FrameNum[6675], LostPacket[10]
Warning 2024-06-17 21:05:32:989  DevID:MV-CS016-10GC(DA7279444)  Source-Line:libMvCameraControl.so(StreamGrab.cpp-L0611)  ProcessName:xian_dj_visual_platform_mv_cs016_10gc_color_tcp_server(679)     Description:[GetImageBuffer]This frame lose packets, FrameNum[6683], LostPacket[6]
Warning 2024-06-17 21:05:33:789  DevID:MV-CS016-10GC(DA7279444)  Source-Line:libMvCameraControl.so(StreamGrab.cpp-L0611)  ProcessName:xian_dj_visual_platform_mv_cs016_10gc_color_tcp_server(679)     Description:[GetImageBuffer]This frame lose packets, FrameNum[6699], LostPacket[3]
Warning 2024-06-17 21:05:44:539  DevID:MV-CS016-10GC(DA7279444)  Source-Line:libMvCameraControl.so(StreamGrab.cpp-L0611)  ProcessName:xian_dj_visual_platform_mv_cs016_10gc_color_tcp_server(679)     Description:[GetImageBuffer]This frame lose packets, FrameNum[6914], LostPacket[82]
Warning 2024-06-17 21:05:51:016  DevID:MV-CS016-10GC(DA7279444)  Source-Line:libMvCameraControl.so(StreamGrab.cpp-L0611)  ProcessName:xian_dj_visual_platform_mv_cs016_10gc_color_tcp_server(679)     Description:[GetImageBuffer]This frame lose packets, FrameNum[7043], LostPacket[149]
Warning 2024-06-17 21:05:56:298  DevID:MV-CS016-10GC(DA7279444)  Source-Line:libMvCameraControl.so(StreamGrab.cpp-L0611)  ProcessName:xian_dj_visual_platform_mv_cs016_10gc_color_tcp_server(679)     Description:[GetImageBuffer]This frame lose packets, FrameNum[7149], LostPacket[1]
Warning 2024-06-17 21:05:58:861  DevID:MV-CS016-10GC(DA7279444)  Source-Line:libMvCameraControl.so(StreamGrab.cpp-L0611)  ProcessName:xian_dj_visual_platform_mv_cs016_10gc_color_tcp_server(679)     Description:[GetImageBuffer]This frame lose packets, FrameNum[7200], LostPacket[56]
Warning 2024-06-17 21:06:04:793  DevID:MV-CS016-10GC(DA7279444)  Source-Line:libMvCameraControl.so(StreamGrab.cpp-L0611)  ProcessName:xian_dj_visual_platform_mv_cs016_10gc_color_tcp_server(679)     Description:[GetImageBuffer]This frame lose packets, FrameNum[7319], LostPacket[8]
Warning 2024-06-17 21:07:32:744  DevID:MV-CS016-10GC(DA7279444)  Source-Line:libMvCameraControl.so(StreamGrab.cpp-L0611)  ProcessName:xian_dj_visual_platform_mv_cs016_10gc_color_tcp_server(679)     Description:[GetImageBuffer]This frame lose packets, FrameNum[9078], LostPacket[10]
Warning 2024-06-17 21:07:33:394  DevID:MV-CS016-10GC(DA7279444)  Source-Line:libMvCameraControl.so(StreamGrab.cpp-L0611)  ProcessName:xian_dj_visual_platform_mv_cs016_10gc_color_tcp_server(679)     Description:[GetImageBuffer]This frame lose packets, FrameNum[9091], LostPacket[17]
Warning 2024-06-17 21:07:33:544  DevID:MV-CS016-10GC(DA7279444)  Source-Line:libMvCameraControl.so(StreamGrab.cpp-L0611)  ProcessName:xian_dj_visual_platform_mv_cs016_10gc_color_tcp_server(679)     Description:[GetImageBuffer]This frame lose packets, FrameNum[9094], LostPacket[114]
Warning 2024-06-17 21:07:36:344  DevID:MV-CS016-10GC(DA7279444)  Source-Line:libMvCameraControl.so(StreamGrab.cpp-L0611)  ProcessName:xian_dj_visual_platform_mv_cs016_10gc_color_tcp_server(679)     Description:[GetImageBuffer]This frame lose packets, FrameNum[9150], LostPacket[30]
Warning 2024-06-17 21:07:50:022  DevID:MV-CS016-10GC(DA7279444)  Source-Line:libMvCameraControl.so(StreamGrab.cpp-L0611)  ProcessName:xian_dj_visual_platform_mv_cs016_10gc_color_tcp_server(679)     Description:[GetImageBuffer]This frame lose packets, FrameNum[9423], LostPacket[124]
Warning 2024-06-17 21:07:50:498  DevID:MV-CS016-10GC(DA7279444)  Source-Line:libMvCameraControl.so(StreamGrab.cpp-L0611)  ProcessName:xian_dj_visual_platform_mv_cs016_10gc_color_tcp_server(679)     Description:[GetImageBuffer]This frame lose packets, FrameNum[9433], LostPacket[17]
Warning 2024-06-17 21:08:12:061  DevID:MV-CS016-10GC(DA7279444)  Source-Line:libMvCameraControl.so(StreamGrab.cpp-L0611)  ProcessName:xian_dj_visual_platform_mv_cs016_10gc_color_tcp_server(679)     Description:[GetImageBuffer]This frame lose packets, FrameNum[9864], LostPacket[15]
Warning 2024-06-17 21:08:13:416  DevID:MV-CS016-10GC(DA7279444)  Source-Line:libMvCameraControl.so(StreamGrab.cpp-L0611)  ProcessName:xian_dj_visual_platform_mv_cs016_10gc_color_tcp_server(679)     Description:[GetImageBuffer]This frame lose packets, FrameNum[9891], LostPacket[39]
Warning 2024-06-17 21:08:13:712  DevID:MV-CS016-10GC(DA7279444)  Source-Line:libMvCameraControl.so(StreamGrab.cpp-L0611)  ProcessName:xian_dj_visual_platform_mv_cs016_10gc_color_tcp_server(679)     Description:[GetImageBuffer]This frame lose packets, FrameNum[9897], LostPacket[3]
Warning 2024-06-17 21:08:16:201  DevID:MV-CS016-10GC(DA7279444)  Source-Line:libMvCameraControl.so(StreamGrab.cpp-L0611)  ProcessName:xian_dj_visual_platform_mv_cs016_10gc_color_tcp_server(679)     Description:[GetImageBuffer]This frame lose packets, FrameNum[9947], LostPacket[33]
Warning 2024-06-17 21:08:16:416  DevID:MV-CS016-10GC(DA7279444)  Source-Line:libMvCameraControl.so(StreamGrab.cpp-L0611)  ProcessName:xian_dj_visual_platform_mv_cs016_10gc_color_tcp_server(679)     Description:[GetImageBuffer]This frame lose packets, FrameNum[9951], LostPacket[19]
Warning 2024-06-17 21:08:23:815  DevID:MV-CS016-10GC(DA7279444)  Source-Line:libMvCameraControl.so(StreamGrab.cpp-L0611)  ProcessName:xian_dj_visual_platform_mv_cs016_10gc_color_tcp_server(679)     Description:[GetImageBuffer]This frame lose packets, FrameNum[10099], LostPacket[15]
Error   2024-06-17 21:11:55:861  DevID:  Source-Line:libMvCameraControl.so(GenTLLoadLibraryEx.cpp-L0222)  ProcessName:xian_dj_visual_platform_mv_cs016_10gc_color_tcp_server(735)     Description:[LoadCtiLibInter]Load CTI failed! CTI path[/opt/MVS/lib/aarch64/MvFGProducerGEV.cti], nRet[0x8000000c]
Error   2024-06-17 21:11:55:861  DevID:  Source-Line:libMvCameraControl.so(FGDeviceEnumerator.cpp-L0103)  ProcessName:xian_dj_visual_platform_mv_cs016_10gc_color_tcp_server(735)     Description:[EnumInterfaceInter]EnumInterfaces failed! Ret[0x8000000c], TLayerType[0x1], CTI[/opt/MVS/lib/aarch64/MvFGProducerGEV.cti]
Info    2024-06-17 21:11:55:965  DevID:MV-CS016-10GC(DA7279444)  Source-Line:libMvCameraControl.so(GigEDevice.cpp-L0140)  ProcessName:xian_dj_visual_platform_mv_cs016_10gc_color_tcp_server(735)     Description:[Init]GEV INFO DeviceIP[192.168.1.20], NetIP[192.168.1.12], ManufacturerInfo[Hikrobot], DeviceVersion[V4.0.44 250410 1500180], UserID[]
Info    2024-06-17 21:11:55:965  DevID:MV-CS016-10GC(DA7279444)  Source-Line:libMvCameraControl.so(MediaProcess.cpp-L0882)  ProcessName:xian_dj_visual_platform_mv_cs016_10gc_color_tcp_server(735)     Description:[SetBayerCvtQuality]Set Bayer CvtQuality success! BayerCvtQuality[1]
Info    2024-06-17 21:11:55:965  DevID:MV-CS016-10GC(DA7279444)  Source-Line:libMvCameraControl.so(MediaProcess.cpp-L1734)  ProcessName:xian_dj_visual_platform_mv_cs016_10gc_color_tcp_server(735)     Description:[SetBayerThreadNum]Set Bayer Thread Num success! BayerThreadNum[2]
Info    2024-06-17 21:11:55:965  DevID:MV-CS016-10GC(DA7279444)  Source-Line:libMvCameraControl.so(MediaProcess.cpp-L0882)  ProcessName:xian_dj_visual_platform_mv_cs016_10gc_color_tcp_server(735)     Description:[SetBayerCvtQuality]Set Bayer CvtQuality success! BayerCvtQuality[1]
Info    2024-06-17 21:11:55:965  DevID:MV-CS016-10GC(DA7279444)  Source-Line:libMvCameraControl.so(MediaProcess.cpp-L1734)  ProcessName:xian_dj_visual_platform_mv_cs016_10gc_color_tcp_server(735)     Description:[SetBayerThreadNum]Set Bayer Thread Num success! BayerThreadNum[2]
Info    2024-06-17 21:11:55:965  DevID:MV-CS016-10GC(DA7279444)  Source-Line:libMvCameraControl.so(MediaProcess.cpp-L0882)  ProcessName:xian_dj_visual_platform_mv_cs016_10gc_color_tcp_server(735)     Description:[SetBayerCvtQuality]Set Bayer CvtQuality success! BayerCvtQuality[1]
Info    2024-06-17 21:11:55:965  DevID:MV-CS016-10GC(DA7279444)  Source-Line:libMvCameraControl.so(MediaProcess.cpp-L1734)  ProcessName:xian_dj_visual_platform_mv_cs016_10gc_color_tcp_server(735)     Description:[SetBayerThreadNum]Set Bayer Thread Num success! BayerThreadNum[2]
Info    2024-06-17 21:11:55:965  DevID:MV-CS016-10GC(DA7279444)  Source-Line:libMvCameraControl.so(GigEDevice.cpp-L0191)  ProcessName:xian_dj_visual_platform_mv_cs016_10gc_color_tcp_server(735)     Description:[IsValidVersion]MvCameraControl Version[0x4050003], GigE SDKVersion[0x4050003], DriverVersion[0x0]
Info    2024-06-17 21:11:56:326  DevID:MV-CS016-10GC(DA7279444)  Source-Line:libMvCameraControl.so(GigEDevice.cpp-L0387)  ProcessName:xian_dj_visual_platform_mv_cs016_10gc_color_tcp_server(735)     Description:[GetGenICamXML]Get XML success!
Info    2024-06-17 21:11:56:326  DevID:MV-CS016-10GC(DA7279444)  Source-Line:libMvCameraControl.so(GigEDevice.cpp-L0590)  ProcessName:xian_dj_visual_platform_mv_cs016_10gc_color_tcp_server(735)     Description:[OpenDevice]Get GenICamXML len [0x11c3b7] Type[1]
Info    2024-06-17 21:11:56:666  DevID:MV-CS016-10GC(DA7279444)  Source-Line:libMvCameraControl.so(GenICamImpl.cpp-L0679)  ProcessName:xian_dj_visual_platform_mv_cs016_10gc_color_tcp_server(735)     Description:[InvalidateNodes]Invalidate Nodes success
Info    2024-06-17 21:11:56:666  DevID:MV-CS016-10GC(DA7279444)  Source-Line:libMvCameraControl.so(GigEDevice.cpp-L0622)  ProcessName:xian_dj_visual_platform_mv_cs016_10gc_color_tcp_server(735)     Description:[OpenDevice]Invalidate Nodes success
Info    2024-06-17 21:11:56:672  DevID:MV-CS016-10GC(DA7279444)  Source-Line:libMvCameraControl.so(GigEDevice.cpp-L0650)  ProcessName:xian_dj_visual_platform_mv_cs016_10gc_color_tcp_server(735)     Description:[OpenDevice]Open device success! PrivilegeMode[1], SwitchoverKey[0], DeviceUptime[2544],DeviceFirmwareVersion[V4.0.44 2504101500180 23121101]
Info    2024-06-17 21:11:56:672  DevID:MV-CS016-10GC(DA7279444)  Source-Line:libMvCameraControl.so(GigEDevice.cpp-L0662)  ProcessName:xian_dj_visual_platform_mv_cs016_10gc_color_tcp_server(735)     Description:[OpenDevice]OpenDevice, cost time 707.000000ms 
Info    2024-06-17 21:11:56:673  DevID:  Source-Line:libMvCameraControl.so(GenICamImpl.cpp-L2091)  ProcessName:xian_dj_visual_platform_mv_cs016_10gc_color_tcp_server(735)     Description:[RecordThread]RecordThread Start, ThreadId[2010108768]
Info    2024-06-17 21:11:56:694  DevID:MV-CS016-10GC(DA7279444)  Source-Line:libMvCameraControl.so(GenICamImpl.cpp-L2116)  ProcessName:xian_dj_visual_platform_mv_cs016_10gc_color_tcp_server(735)     Description:[RecordThreadProc][Record] Get BlackLevel value [240]
Info    2024-06-17 21:11:56:740  DevID:MV-CS016-10GC(DA7279444)  Source-Line:libMvCameraControl.so(GigEStream.cpp-L0063)  ProcessName:xian_dj_visual_platform_mv_cs016_10gc_color_tcp_server(735)     Description:[StartGrabbing][GEV]Width[1440], Height[1080], PixelFormat[0x1080009], PayloadSize[1555200], ChunkCount[100], CompressMode[0], DeviceUptime[2544]
Info    2024-06-17 21:11:56:749  DevID:MV-CS016-10GC(DA7279444)  Source-Line:libMvCameraControl.so(GenICamImpl.cpp-L2133)  ProcessName:xian_dj_visual_platform_mv_cs016_10gc_color_tcp_server(735)     Description:[RecordThreadProc][Record] Get BalanceWhiteAuto Value [1] (0:off 1:contineu; 2:once):
Info    2024-06-17 21:11:56:752  DevID:MV-CS016-10GC(DA7279444)  Source-Line:libMvCameraControl.so(StreamGrab.cpp-L0437)  ProcessName:xian_dj_visual_platform_mv_cs016_10gc_color_tcp_server(735)     Description:[StartGrabbing]Start grabbing success, There is no registration callback.
Info    2024-06-17 21:11:56:757  DevID:MV-CS016-10GC(DA7279444)  Source-Line:libMvCameraControl.so(GenICamImpl.cpp-L2188)  ProcessName:xian_dj_visual_platform_mv_cs016_10gc_color_tcp_server(735)     Description:[RecordThreadProc][Record] Get ExposureAuto value [2]
Info    2024-06-17 21:11:56:762  DevID:MV-CS016-10GC(DA7279444)  Source-Line:libMvCameraControl.so(GenICamImpl.cpp-L2205)  ProcessName:xian_dj_visual_platform_mv_cs016_10gc_color_tcp_server(735)     Description:[RecordThreadProc][Record] Get ExposureTime value [14939.000000] 
Info    2024-06-17 21:11:56:764  DevID:MV-CS016-10GC(DA7279444)  Source-Line:libMvCameraControl.so(GenICamImpl.cpp-L2221)  ProcessName:xian_dj_visual_platform_mv_cs016_10gc_color_tcp_server(735)     Description:[RecordThreadProc][Record] Get GainAuto value [0] (0:off 1:contineu; 2:once):
Info    2024-06-17 21:11:56:772  DevID:MV-CS016-10GC(DA7279444)  Source-Line:libMvCameraControl.so(GenICamImpl.cpp-L2237)  ProcessName:xian_dj_visual_platform_mv_cs016_10gc_color_tcp_server(735)     Description:[RecordThreadProc][Record] Get Gain value [4.128500] 
Info    2024-06-17 21:11:56:773  DevID:MV-CS016-10GC(DA7279444)  Source-Line:libMvCameraControl.so(GenICamImpl.cpp-L2253)  ProcessName:xian_dj_visual_platform_mv_cs016_10gc_color_tcp_server(735)     Description:[RecordThreadProc][Record] Get PixelFormat value [17301513] :
Info    2024-06-17 21:11:56:779  DevID:MV-CS016-10GC(DA7279444)  Source-Line:libMvCameraControl.so(GenICamImpl.cpp-L2302)  ProcessName:xian_dj_visual_platform_mv_cs016_10gc_color_tcp_server(735)     Description:[RecordThreadProc][Record] Get UserSetCurrent value [1]
Info    2024-06-17 21:11:56:782  DevID:MV-CS016-10GC(DA7279444)  Source-Line:libMvCameraControl.so(GenICamImpl.cpp-L2318)  ProcessName:xian_dj_visual_platform_mv_cs016_10gc_color_tcp_server(735)     Description:[RecordThreadProc][Record] Get UserSetSelector value [1] 
Info    2024-06-17 21:11:56:783  DevID:MV-CS016-10GC(DA7279444)  Source-Line:libMvCameraControl.so(GenICamImpl.cpp-L2334)  ProcessName:xian_dj_visual_platform_mv_cs016_10gc_color_tcp_server(735)     Description:[RecordThreadProc][Record] Get UserSetDefault value[1]
Info    2024-06-17 21:11:56:783  DevID:  Source-Line:libMvCameraControl.so(GenICamImpl.cpp-L2096)  ProcessName:xian_dj_visual_platform_mv_cs016_10gc_color_tcp_server(735)     Description:[RecordThread]RecordThread End, ThreadId[2010108768]
Warning 2024-06-17 21:12:19:486  DevID:MV-CS016-10GC(DA7279444)  Source-Line:libMvCameraControl.so(StreamGrab.cpp-L0611)  ProcessName:xian_dj_visual_platform_mv_cs016_10gc_color_tcp_server(735)     Description:[GetImageBuffer]This frame lose packets, FrameNum[454], LostPacket[1]
Warning 2024-06-17 21:12:33:242  DevID:MV-CS016-10GC(DA7279444)  Source-Line:libMvCameraControl.so(StreamGrab.cpp-L0611)  ProcessName:xian_dj_visual_platform_mv_cs016_10gc_color_tcp_server(735)     Description:[GetImageBuffer]This frame lose packets, FrameNum[729], LostPacket[12]
Warning 2024-06-17 21:12:40:936  DevID:MV-CS016-10GC(DA7279444)  Source-Line:libMvCameraControl.so(StreamGrab.cpp-L0611)  ProcessName:xian_dj_visual_platform_mv_cs016_10gc_color_tcp_server(735)     Description:[GetImageBuffer]This frame lose packets, FrameNum[883], LostPacket[84]
Warning 2024-06-17 21:12:57:772  DevID:MV-CS016-10GC(DA7279444)  Source-Line:libMvCameraControl.so(StreamGrab.cpp-L0611)  ProcessName:xian_dj_visual_platform_mv_cs016_10gc_color_tcp_server(735)     Description:[GetImageBuffer]This frame lose packets, FrameNum[1220], LostPacket[6]
Error   2024-06-17 21:19:46:936  DevID:  Source-Line:libMvCameraControl.so(GenTLLoadLibraryEx.cpp-L0222)  ProcessName:xian_dj_visual_platform_mv_cs016_10gc_color_tcp_server(791)     Description:[LoadCtiLibInter]Load CTI failed! CTI path[/opt/MVS/lib/aarch64/MvFGProducerGEV.cti], nRet[0x8000000c]
Error   2024-06-17 21:19:46:936  DevID:  Source-Line:libMvCameraControl.so(FGDeviceEnumerator.cpp-L0103)  ProcessName:xian_dj_visual_platform_mv_cs016_10gc_color_tcp_server(791)     Description:[EnumInterfaceInter]EnumInterfaces failed! Ret[0x8000000c], TLayerType[0x1], CTI[/opt/MVS/lib/aarch64/MvFGProducerGEV.cti]
Info    2024-06-17 21:19:47:039  DevID:MV-CS016-10GC(DA7279444)  Source-Line:libMvCameraControl.so(GigEDevice.cpp-L0140)  ProcessName:xian_dj_visual_platform_mv_cs016_10gc_color_tcp_server(791)     Description:[Init]GEV INFO DeviceIP[192.168.1.20], NetIP[192.168.1.12], ManufacturerInfo[Hikrobot], DeviceVersion[V4.0.44 250410 1500180], UserID[]
Info    2024-06-17 21:19:47:039  DevID:MV-CS016-10GC(DA7279444)  Source-Line:libMvCameraControl.so(MediaProcess.cpp-L0882)  ProcessName:xian_dj_visual_platform_mv_cs016_10gc_color_tcp_server(791)     Description:[SetBayerCvtQuality]Set Bayer CvtQuality success! BayerCvtQuality[1]
Info    2024-06-17 21:19:47:039  DevID:MV-CS016-10GC(DA7279444)  Source-Line:libMvCameraControl.so(MediaProcess.cpp-L1734)  ProcessName:xian_dj_visual_platform_mv_cs016_10gc_color_tcp_server(791)     Description:[SetBayerThreadNum]Set Bayer Thread Num success! BayerThreadNum[2]
Info    2024-06-17 21:19:47:039  DevID:MV-CS016-10GC(DA7279444)  Source-Line:libMvCameraControl.so(MediaProcess.cpp-L0882)  ProcessName:xian_dj_visual_platform_mv_cs016_10gc_color_tcp_server(791)     Description:[SetBayerCvtQuality]Set Bayer CvtQuality success! BayerCvtQuality[1]
Info    2024-06-17 21:19:47:039  DevID:MV-CS016-10GC(DA7279444)  Source-Line:libMvCameraControl.so(MediaProcess.cpp-L1734)  ProcessName:xian_dj_visual_platform_mv_cs016_10gc_color_tcp_server(791)     Description:[SetBayerThreadNum]Set Bayer Thread Num success! BayerThreadNum[2]
Info    2024-06-17 21:19:47:039  DevID:MV-CS016-10GC(DA7279444)  Source-Line:libMvCameraControl.so(MediaProcess.cpp-L0882)  ProcessName:xian_dj_visual_platform_mv_cs016_10gc_color_tcp_server(791)     Description:[SetBayerCvtQuality]Set Bayer CvtQuality success! BayerCvtQuality[1]
Info    2024-06-17 21:19:47:039  DevID:MV-CS016-10GC(DA7279444)  Source-Line:libMvCameraControl.so(MediaProcess.cpp-L1734)  ProcessName:xian_dj_visual_platform_mv_cs016_10gc_color_tcp_server(791)     Description:[SetBayerThreadNum]Set Bayer Thread Num success! BayerThreadNum[2]
Info    2024-06-17 21:19:47:039  DevID:MV-CS016-10GC(DA7279444)  Source-Line:libMvCameraControl.so(GigEDevice.cpp-L0191)  ProcessName:xian_dj_visual_platform_mv_cs016_10gc_color_tcp_server(791)     Description:[IsValidVersion]MvCameraControl Version[0x4050003], GigE SDKVersion[0x4050003], DriverVersion[0x0]
Info    2024-06-17 21:19:47:392  DevID:MV-CS016-10GC(DA7279444)  Source-Line:libMvCameraControl.so(GigEDevice.cpp-L0387)  ProcessName:xian_dj_visual_platform_mv_cs016_10gc_color_tcp_server(791)     Description:[GetGenICamXML]Get XML success!
Info    2024-06-17 21:19:47:392  DevID:MV-CS016-10GC(DA7279444)  Source-Line:libMvCameraControl.so(GigEDevice.cpp-L0590)  ProcessName:xian_dj_visual_platform_mv_cs016_10gc_color_tcp_server(791)     Description:[OpenDevice]Get GenICamXML len [0x11c3b7] Type[1]
Info    2024-06-17 21:19:47:727  DevID:MV-CS016-10GC(DA7279444)  Source-Line:libMvCameraControl.so(GenICamImpl.cpp-L0679)  ProcessName:xian_dj_visual_platform_mv_cs016_10gc_color_tcp_server(791)     Description:[InvalidateNodes]Invalidate Nodes success
Info    2024-06-17 21:19:47:727  DevID:MV-CS016-10GC(DA7279444)  Source-Line:libMvCameraControl.so(GigEDevice.cpp-L0622)  ProcessName:xian_dj_visual_platform_mv_cs016_10gc_color_tcp_server(791)     Description:[OpenDevice]Invalidate Nodes success
Info    2024-06-17 21:19:47:732  DevID:MV-CS016-10GC(DA7279444)  Source-Line:libMvCameraControl.so(GigEDevice.cpp-L0650)  ProcessName:xian_dj_visual_platform_mv_cs016_10gc_color_tcp_server(791)     Description:[OpenDevice]Open device success! PrivilegeMode[1], SwitchoverKey[0], DeviceUptime[3015],DeviceFirmwareVersion[V4.0.44 2504101500180 23121101]
Info    2024-06-17 21:19:47:733  DevID:MV-CS016-10GC(DA7279444)  Source-Line:libMvCameraControl.so(GigEDevice.cpp-L0662)  ProcessName:xian_dj_visual_platform_mv_cs016_10gc_color_tcp_server(791)     Description:[OpenDevice]OpenDevice, cost time 693.000000ms 
Info    2024-06-17 21:19:47:733  DevID:  Source-Line:libMvCameraControl.so(GenICamImpl.cpp-L2091)  ProcessName:xian_dj_visual_platform_mv_cs016_10gc_color_tcp_server(791)     Description:[RecordThread]RecordThread Start, ThreadId[2001359712]
Info    2024-06-17 21:19:47:753  DevID:MV-CS016-10GC(DA7279444)  Source-Line:libMvCameraControl.so(GenICamImpl.cpp-L2116)  ProcessName:xian_dj_visual_platform_mv_cs016_10gc_color_tcp_server(791)     Description:[RecordThreadProc][Record] Get BlackLevel value [240]
Info    2024-06-17 21:19:47:803  DevID:MV-CS016-10GC(DA7279444)  Source-Line:libMvCameraControl.so(GigEStream.cpp-L0063)  ProcessName:xian_dj_visual_platform_mv_cs016_10gc_color_tcp_server(791)     Description:[StartGrabbing][GEV]Width[1440], Height[1080], PixelFormat[0x1080009], PayloadSize[1555200], ChunkCount[100], CompressMode[0], DeviceUptime[3015]
Info    2024-06-17 21:19:47:806  DevID:MV-CS016-10GC(DA7279444)  Source-Line:libMvCameraControl.so(GenICamImpl.cpp-L2133)  ProcessName:xian_dj_visual_platform_mv_cs016_10gc_color_tcp_server(791)     Description:[RecordThreadProc][Record] Get BalanceWhiteAuto Value [1] (0:off 1:contineu; 2:once):
Info    2024-06-17 21:19:47:819  DevID:MV-CS016-10GC(DA7279444)  Source-Line:libMvCameraControl.so(GenICamImpl.cpp-L2188)  ProcessName:xian_dj_visual_platform_mv_cs016_10gc_color_tcp_server(791)     Description:[RecordThreadProc][Record] Get ExposureAuto value [2]
Info    2024-06-17 21:19:47:824  DevID:MV-CS016-10GC(DA7279444)  Source-Line:libMvCameraControl.so(GenICamImpl.cpp-L2205)  ProcessName:xian_dj_visual_platform_mv_cs016_10gc_color_tcp_server(791)     Description:[RecordThreadProc][Record] Get ExposureTime value [14939.000000] 
Info    2024-06-17 21:19:47:826  DevID:MV-CS016-10GC(DA7279444)  Source-Line:libMvCameraControl.so(GenICamImpl.cpp-L2221)  ProcessName:xian_dj_visual_platform_mv_cs016_10gc_color_tcp_server(791)     Description:[RecordThreadProc][Record] Get GainAuto value [0] (0:off 1:contineu; 2:once):
Info    2024-06-17 21:19:47:831  DevID:MV-CS016-10GC(DA7279444)  Source-Line:libMvCameraControl.so(GenICamImpl.cpp-L2237)  ProcessName:xian_dj_visual_platform_mv_cs016_10gc_color_tcp_server(791)     Description:[RecordThreadProc][Record] Get Gain value [4.128500] 
Info    2024-06-17 21:19:47:831  DevID:MV-CS016-10GC(DA7279444)  Source-Line:libMvCameraControl.so(GenICamImpl.cpp-L2253)  ProcessName:xian_dj_visual_platform_mv_cs016_10gc_color_tcp_server(791)     Description:[RecordThreadProc][Record] Get PixelFormat value [17301513] :
Info    2024-06-17 21:19:47:836  DevID:MV-CS016-10GC(DA7279444)  Source-Line:libMvCameraControl.so(GenICamImpl.cpp-L2302)  ProcessName:xian_dj_visual_platform_mv_cs016_10gc_color_tcp_server(791)     Description:[RecordThreadProc][Record] Get UserSetCurrent value [1]
Info    2024-06-17 21:19:47:838  DevID:MV-CS016-10GC(DA7279444)  Source-Line:libMvCameraControl.so(GenICamImpl.cpp-L2318)  ProcessName:xian_dj_visual_platform_mv_cs016_10gc_color_tcp_server(791)     Description:[RecordThreadProc][Record] Get UserSetSelector value [1] 
Info    2024-06-17 21:19:47:839  DevID:MV-CS016-10GC(DA7279444)  Source-Line:libMvCameraControl.so(GenICamImpl.cpp-L2334)  ProcessName:xian_dj_visual_platform_mv_cs016_10gc_color_tcp_server(791)     Description:[RecordThreadProc][Record] Get UserSetDefault value[1]
Info    2024-06-17 21:19:47:839  DevID:  Source-Line:libMvCameraControl.so(GenICamImpl.cpp-L2096)  ProcessName:xian_dj_visual_platform_mv_cs016_10gc_color_tcp_server(791)     Description:[RecordThread]RecordThread End, ThreadId[2001359712]
Info    2024-06-17 21:19:47:842  DevID:MV-CS016-10GC(DA7279444)  Source-Line:libMvCameraControl.so(StreamGrab.cpp-L0437)  ProcessName:xian_dj_visual_platform_mv_cs016_10gc_color_tcp_server(791)     Description:[StartGrabbing]Start grabbing success, There is no registration callback.
Warning 2024-06-17 21:19:47:908  DevID:MV-CS016-10GC(DA7279444)  Source-Line:libMvCameraControl.so(StreamGrab.cpp-L0611)  ProcessName:xian_dj_visual_platform_mv_cs016_10gc_color_tcp_server(791)     Description:[GetImageBuffer]This frame lose packets, FrameNum[1], LostPacket[13]
Warning 2024-06-17 21:20:10:666  DevID:MV-CS016-10GC(DA7279444)  Source-Line:libMvCameraControl.so(StreamGrab.cpp-L0611)  ProcessName:xian_dj_visual_platform_mv_cs016_10gc_color_tcp_server(791)     Description:[GetImageBuffer]This frame lose packets, FrameNum[456], LostPacket[10]
